SF:lib/services/mavlink_service.dart
DA:9,6
DA:10,6
DA:13,2
DA:29,3
DA:30,3
DA:31,3
DA:32,3
DA:33,3
DA:34,3
DA:37,2
DA:41,3
DA:42,3
DA:44,9
DA:46,9
DA:47,0
DA:48,0
DA:49,0
DA:52,3
DA:55,0
DA:57,0
DA:58,0
DA:60,0
DA:61,0
DA:62,0
DA:64,0
DA:74,0
DA:79,0
DA:80,0
DA:81,0
DA:82,0
DA:83,0
DA:84,0
DA:85,0
DA:86,0
DA:87,0
DA:88,0
DA:89,0
DA:93,2
DA:94,2
DA:95,2
DA:96,2
DA:101,2
DA:102,2
DA:103,4
DA:104,4
DA:105,4
DA:106,4
DA:107,4
DA:108,4
DA:109,2
DA:113,3
DA:114,2
LF:52
LH:30
end_of_record
SF:lib/services/mavlink_message_tracker.dart
DA:12,1
DA:13,2
DA:14,2
DA:15,1
DA:18,3
DA:19,2
DA:20,0
DA:24,1
DA:25,2
DA:27,1
DA:29,2
DA:30,1
DA:31,3
DA:32,3
DA:33,5
DA:34,3
DA:35,3
DA:36,3
DA:37,2
DA:38,0
DA:39,0
DA:40,0
DA:41,0
DA:42,0
DA:43,0
DA:44,0
DA:45,2
DA:46,1
DA:47,6
DA:48,6
DA:49,6
DA:50,4
DA:51,4
DA:52,4
DA:53,3
DA:54,2
DA:55,1
DA:56,4
DA:57,4
DA:58,4
DA:59,4
DA:60,4
DA:61,4
DA:62,4
DA:63,4
DA:64,3
DA:65,0
DA:66,0
DA:67,0
DA:68,0
DA:69,0
DA:70,0
DA:71,0
DA:72,0
DA:75,0
DA:76,0
DA:82,1
DA:84,1
DA:85,1
DA:86,1
DA:87,1
DA:88,1
DA:89,1
DA:90,1
DA:91,1
DA:92,0
DA:96,1
DA:98,1
DA:99,1
DA:100,0
DA:101,0
DA:105,1
DA:107,1
DA:108,0
DA:109,0
DA:110,0
DA:111,0
DA:112,0
DA:119,16
DA:120,8
DA:126,18
DA:127,3
DA:132,1
DA:133,1
DA:134,1
DA:137,3
DA:138,2
DA:139,4
DA:144,4
DA:145,4
DA:146,5
DA:147,4
DA:150,2
DA:151,2
DA:153,1
DA:155,4
DA:156,3
DA:159,1
DA:160,1
DA:161,1
DA:162,1
DA:163,1
DA:164,0
DA:165,0
DA:166,0
DA:167,0
DA:168,0
DA:169,0
DA:170,0
DA:171,0
DA:172,0
DA:173,0
DA:174,0
DA:175,0
DA:176,0
DA:177,0
DA:178,0
DA:179,0
DA:180,0
DA:181,0
DA:182,0
DA:183,0
DA:184,0
DA:185,0
DA:186,0
DA:187,0
DA:188,0
DA:189,0
DA:190,0
DA:191,0
DA:192,0
DA:193,0
DA:194,0
DA:195,0
DA:196,0
DA:197,0
DA:198,0
DA:199,0
DA:200,0
DA:201,0
DA:202,0
DA:203,0
DA:204,0
DA:205,0
DA:206,0
DA:207,0
DA:208,0
DA:209,0
DA:210,0
DA:211,0
DA:212,0
DA:213,0
DA:214,0
DA:215,0
DA:216,0
DA:217,0
DA:220,0
DA:223,2
DA:224,4
DA:225,4
DA:226,6
DA:230,1
DA:231,1
DA:232,2
DA:233,2
DA:238,5
DA:240,4
DA:241,8
DA:242,6
LF:169
LH:88
end_of_record
SF:lib/services/mavlink_spoof_service.dart
DA:8,6
DA:9,3
DA:12,1
DA:30,9
DA:31,9
DA:32,9
DA:33,9
DA:34,9
DA:36,2
DA:48,3
DA:49,3
DA:51,3
DA:53,9
DA:55,8
DA:56,8
DA:57,8
DA:58,8
DA:59,8
DA:62,3
DA:63,3
DA:64,6
DA:65,6
DA:66,6
DA:67,6
DA:68,6
DA:71,3
DA:72,3
DA:73,3
DA:74,3
DA:75,3
DA:78,1
DA:79,3
DA:81,1
DA:84,1
DA:89,2
DA:90,2
DA:93,1
DA:94,3
DA:96,3
DA:97,1
DA:101,2
DA:102,1
DA:103,3
DA:115,2
DA:116,2
DA:119,1
DA:120,3
DA:122,2
DA:125,6
DA:126,4
DA:128,6
DA:129,4
DA:131,6
DA:132,2
DA:133,3
DA:135,1
DA:137,1
DA:138,1
DA:139,1
DA:140,4
DA:141,4
DA:142,4
DA:144,2
DA:145,2
DA:148,1
DA:149,3
DA:151,2
DA:154,6
DA:155,6
DA:156,5
DA:158,1
DA:160,3
DA:161,3
DA:162,3
DA:163,3
DA:164,5
DA:165,5
DA:166,5
DA:167,3
DA:169,2
DA:170,2
DA:173,1
DA:174,3
DA:176,5
DA:177,6
DA:178,4
DA:179,4
DA:181,1
DA:182,1
DA:183,1
DA:184,2
DA:185,3
DA:186,1
DA:187,4
DA:189,2
DA:190,2
DA:193,2
DA:194,2
DA:195,4
DA:196,4
DA:197,4
DA:198,4
DA:199,4
DA:203,3
DA:204,2
LF:105
LH:105
end_of_record
SF:lib/services/timeseries_data_manager.dart
DA:7,12
DA:8,6
DA:22,12
DA:24,3
DA:25,3
DA:26,3
DA:28,3
DA:29,9
DA:30,0
DA:34,6
DA:35,6
DA:36,9
DA:37,6
DA:40,0
DA:41,0
DA:43,0
DA:46,0
DA:47,0
DA:48,0
DA:50,0
DA:51,0
DA:53,0
DA:54,0
DA:55,0
DA:58,0
DA:59,0
DA:67,0
DA:69,0
DA:70,0
DA:74,0
DA:75,0
DA:77,0
DA:79,0
DA:80,0
DA:86,0
DA:87,0
DA:89,0
DA:90,0
DA:91,0
DA:92,0
DA:97,2
DA:98,2
DA:99,7
DA:102,2
DA:103,8
DA:106,0
DA:107,0
DA:110,0
DA:111,0
DA:114,0
DA:116,0
DA:117,0
DA:118,0
DA:119,0
DA:123,1
DA:124,2
DA:125,1
DA:126,1
DA:127,1
DA:128,1
DA:131,1
DA:132,2
DA:133,2
DA:134,3
DA:138,4
DA:139,4
DA:140,8
DA:141,8
DA:142,8
DA:147,4
DA:148,4
DA:153,1
DA:154,2
DA:158,2
DA:159,2
DA:160,2
DA:161,2
DA:163,8
DA:164,6
DA:166,4
DA:167,8
LF:81
LH:44
end_of_record
SF:lib/models/plot_configuration.dart
DA:8,2
DA:15,2
DA:17,2
DA:18,8
DA:19,0
DA:21,4
DA:24,3
DA:26,0
DA:27,0
DA:30,0
DA:31,0
DA:51,5
DA:63,4
DA:64,16
DA:66,16
DA:68,1
DA:79,1
DA:80,1
DA:81,1
DA:82,1
DA:83,1
DA:84,0
DA:85,1
DA:86,1
DA:87,1
DA:88,1
DA:92,1
DA:95,1
DA:96,3
DA:97,3
DA:99,0
DA:100,0
DA:109,5
DA:114,5
DA:116,15
DA:117,10
DA:119,2
DA:120,10
DA:122,3
DA:123,3
DA:124,18
DA:125,9
DA:129,6
DA:130,6
DA:131,6
DA:132,0
DA:134,3
DA:145,2
DA:149,2
DA:150,1
DA:151,3
DA:157,1
DA:160,2
DA:165,3
DA:167,3
DA:168,3
DA:173,2
DA:174,8
DA:177,1
DA:178,1
DA:179,6
DA:183,1
DA:184,1
DA:185,3
DA:186,3
DA:187,1
DA:191,1
DA:192,1
DA:193,1
DA:194,1
DA:195,1
DA:206,5
DA:211,5
DA:213,3
DA:219,3
DA:220,3
DA:221,3
DA:222,1
DA:223,3
DA:228,2
DA:229,6
DA:232,1
DA:233,3
DA:236,1
DA:237,3
DA:253,10
DA:264,6
DA:266,3
DA:269,3
DA:270,9
DA:271,9
DA:273,0
DA:274,0
DA:291,2
DA:292,6
DA:295,1
DA:297,2
DA:298,3
DA:301,2
DA:309,10
DA:317,0
DA:319,3
DA:320,3
DA:322,6
DA:323,3
DA:324,1
DA:325,1
DA:327,4
DA:328,3
DA:333,1
DA:335,1
DA:336,1
DA:337,1
DA:338,0
DA:339,0
DA:340,0
DA:345,3
DA:347,3
DA:348,3
DA:349,1
DA:350,1
DA:351,1
DA:352,0
LF:123
LH:107
end_of_record
SF:lib/widgets/signal_selector_panel.dart
DA:11,1
DA:19,1
DA:20,1
DA:28,1
DA:30,1
DA:31,1
DA:32,1
DA:35,1
DA:37,1
DA:38,4
DA:39,1
DA:43,1
DA:44,3
DA:45,2
DA:48,1
DA:49,7
DA:50,2
DA:53,1
DA:55,1
DA:56,1
DA:58,1
DA:61,1
DA:62,1
DA:64,1
DA:66,1
DA:68,1
DA:76,1
DA:77,1
DA:78,1
DA:79,1
DA:81,3
DA:84,1
DA:86,4
DA:91,1
DA:92,3
DA:93,4
DA:94,3
DA:99,1
DA:101,1
DA:108,1
DA:109,1
DA:110,1
DA:111,1
DA:113,3
DA:116,1
DA:117,2
DA:132,1
DA:134,3
DA:140,1
DA:141,3
DA:142,1
DA:145,3
DA:152,1
DA:153,2
DA:154,1
DA:155,1
DA:157,1
DA:158,1
DA:161,3
DA:164,1
DA:166,4
DA:167,3
DA:171,1
DA:173,4
DA:174,3
DA:184,1
DA:185,2
DA:186,1
DA:187,3
DA:188,3
DA:190,4
DA:193,1
DA:194,1
DA:195,1
DA:196,2
DA:197,1
DA:199,1
DA:204,1
DA:205,1
DA:206,1
DA:208,4
DA:212,1
DA:213,2
DA:214,3
DA:216,2
DA:217,1
DA:218,2
DA:219,2
DA:220,4
DA:221,1
DA:223,1
DA:229,1
DA:231,1
DA:235,1
DA:243,1
DA:245,1
DA:248,1
DA:250,0
DA:251,4
DA:253,1
DA:254,4
DA:259,1
DA:266,1
DA:268,4
DA:271,3
DA:272,3
DA:275,1
DA:277,4
DA:278,3
DA:281,4
DA:283,1
DA:286,3
DA:288,1
DA:291,3
DA:296,1
DA:298,1
DA:300,0
DA:302,0
LF:118
LH:115
end_of_record
SF:lib/widgets/interactive_plot.dart
DA:15,4
DA:24,4
DA:25,4
DA:36,4
DA:38,4
DA:39,4
DA:40,4
DA:43,4
DA:45,8
DA:46,4
DA:49,4
DA:50,16
DA:51,1
DA:55,4
DA:56,17
DA:57,5
DA:58,1
DA:63,1
DA:64,4
DA:66,1
DA:67,4
DA:68,4
DA:70,1
DA:71,1
DA:75,5
DA:76,1
DA:77,4
DA:80,2
DA:81,2
DA:82,3
DA:88,4
DA:89,1
DA:91,1
DA:94,5
DA:96,0
DA:97,0
DA:98,0
DA:99,0
DA:101,0
DA:102,0
DA:103,0
DA:104,0
DA:105,0
DA:108,0
DA:111,2
DA:112,4
DA:113,2
DA:114,1
DA:117,4
DA:120,1
DA:122,2
DA:127,2
DA:131,1
DA:132,4
DA:133,1
DA:134,3
DA:135,3
DA:138,1
DA:139,1
DA:140,2
DA:141,2
DA:143,1
DA:144,1
DA:147,0
DA:152,0
DA:154,0
DA:155,0
DA:156,0
DA:157,0
DA:161,4
DA:162,4
DA:166,2
DA:167,1
DA:168,1
DA:169,1
DA:173,4
DA:175,4
DA:176,8
DA:177,8
DA:178,4
DA:179,4
DA:180,4
DA:181,8
DA:182,12
DA:183,6
DA:184,8
DA:186,4
DA:188,4
DA:190,4
DA:192,4
DA:193,4
DA:194,4
DA:196,4
DA:197,4
DA:207,4
DA:208,4
DA:209,4
DA:210,4
DA:211,4
DA:212,16
DA:213,8
DA:215,20
DA:217,16
DA:218,8
DA:219,16
DA:223,4
DA:224,8
DA:225,16
DA:226,2
DA:227,8
DA:229,4
DA:231,4
DA:232,16
DA:233,4
DA:234,4
DA:235,20
DA:238,4
DA:240,4
DA:241,4
DA:244,16
DA:247,4
DA:249,20
DA:250,16
DA:262,4
DA:263,14
DA:266,4
DA:267,4
DA:269,4
DA:270,4
DA:273,16
DA:276,4
DA:277,16
DA:278,20
DA:279,16
DA:288,1
DA:289,1
DA:290,1
DA:291,1
DA:292,1
DA:293,1
DA:296,4
DA:297,5
DA:298,2
DA:299,5
DA:302,2
DA:303,5
DA:307,1
DA:311,1
DA:312,1
DA:315,5
DA:316,2
DA:319,1
DA:320,1
DA:322,4
DA:324,2
DA:328,1
DA:330,1
DA:331,5
DA:335,5
DA:336,1
DA:337,1
DA:338,1
DA:344,6
DA:345,1
DA:346,4
DA:355,1
DA:356,1
DA:358,5
DA:359,3
DA:360,1
DA:361,1
DA:362,1
DA:365,1
DA:366,1
DA:367,2
DA:368,1
DA:377,1
DA:378,1
DA:379,4
DA:380,3
DA:381,1
DA:384,2
DA:385,2
DA:386,2
DA:387,2
DA:389,0
DA:392,1
DA:394,4
DA:398,1
DA:399,1
DA:400,1
DA:401,4
DA:405,0
DA:406,0
DA:408,0
DA:409,0
DA:410,0
DA:411,0
DA:412,0
DA:413,0
LF:200
LH:175
end_of_record
SF:lib/widgets/plot_legend.dart
DA:10,0
DA:18,0
DA:20,0
DA:22,0
DA:26,0
DA:28,0
DA:29,0
DA:30,0
DA:31,0
DA:32,0
DA:35,0
DA:38,0
DA:43,0
DA:44,0
DA:46,0
DA:47,0
DA:48,0
DA:50,0
DA:51,0
DA:54,0
DA:55,0
DA:60,0
DA:61,0
DA:62,0
DA:66,0
DA:68,0
DA:69,0
DA:70,0
DA:71,0
DA:85,2
DA:91,2
DA:93,10
DA:95,2
DA:99,2
DA:101,2
DA:102,6
DA:103,2
DA:104,2
DA:105,8
DA:108,2
DA:110,2
DA:111,2
DA:114,6
DA:117,6
DA:118,2
DA:120,2
DA:123,2
DA:124,2
DA:126,2
DA:127,8
DA:134,4
DA:136,0
DA:137,0
DA:138,0
DA:139,0
DA:158,1
DA:167,1
DA:169,5
DA:171,1
DA:175,1
DA:176,1
DA:177,1
DA:178,1
DA:181,1
DA:182,4
DA:183,1
DA:184,1
DA:185,4
DA:188,1
DA:191,2
DA:192,1
DA:193,1
DA:200,1
DA:201,3
DA:203,1
DA:204,1
DA:205,1
DA:207,1
DA:209,1
DA:210,1
DA:213,1
DA:214,1
DA:219,1
DA:220,2
DA:221,4
DA:226,1
DA:228,0
DA:229,0
DA:230,0
DA:232,0
DA:242,1
DA:244,2
DA:246,1
DA:247,2
DA:248,4
DA:251,0
LF:96
LH:58
end_of_record
SF:lib/widgets/plot_grid.dart
DA:10,3
DA:15,3
DA:16,3
DA:29,3
DA:31,3
DA:33,9
DA:34,12
DA:38,3
DA:40,3
DA:41,3
DA:42,3
DA:44,6
DA:45,0
DA:48,6
DA:49,0
DA:52,3
DA:53,3
DA:59,3
DA:60,3
DA:61,3
DA:63,3
DA:68,3
DA:69,3
DA:71,12
DA:73,3
DA:74,6
DA:75,9
DA:76,9
DA:78,6
DA:80,3
DA:81,2
DA:84,3
DA:86,12
DA:88,3
DA:89,3
DA:90,9
DA:91,9
DA:93,6
DA:95,3
DA:96,0
DA:98,0
DA:99,0
DA:105,3
DA:107,12
DA:109,3
DA:110,3
DA:112,9
DA:114,6
DA:116,3
DA:117,1
DA:119,1
DA:124,3
DA:125,3
DA:127,3
DA:128,15
DA:129,3
DA:131,3
DA:132,12
DA:133,15
DA:134,12
DA:145,3
DA:148,6
DA:149,3
DA:152,1
DA:155,1
DA:158,1
DA:159,0
DA:164,3
DA:165,3
DA:166,6
DA:171,6
DA:172,3
DA:173,6
DA:174,3
DA:176,9
DA:177,0
DA:178,0
DA:179,0
DA:185,1
DA:186,2
DA:187,3
DA:189,4
DA:190,3
DA:191,1
DA:192,2
DA:195,3
DA:197,4
DA:200,1
DA:201,6
DA:202,0
DA:207,2
DA:210,2
DA:211,0
DA:216,1
DA:217,2
DA:218,1
DA:221,5
DA:222,1
DA:223,1
DA:227,0
DA:228,0
DA:229,0
DA:232,0
DA:233,0
DA:237,0
DA:238,0
DA:240,0
DA:241,0
DA:242,0
DA:243,0
DA:244,0
DA:246,0
DA:247,0
DA:249,0
DA:250,0
DA:252,0
DA:253,0
DA:258,0
DA:259,0
DA:261,0
DA:262,0
DA:263,0
DA:264,0
DA:265,0
DA:267,0
DA:268,0
DA:274,0
DA:275,0
DA:277,0
DA:278,0
DA:280,0
DA:281,0
DA:282,0
DA:289,0
DA:290,0
DA:291,0
DA:293,0
DA:296,0
DA:297,0
DA:298,0
DA:302,0
DA:303,0
DA:307,0
DA:308,0
DA:309,0
DA:310,0
DA:311,0
DA:316,0
DA:317,0
DA:319,0
DA:320,0
DA:322,0
DA:323,0
DA:327,0
DA:328,0
DA:330,0
DA:331,0
DA:333,0
DA:334,0
DA:338,0
DA:339,0
DA:341,0
DA:342,0
DA:344,0
DA:345,0
DA:346,0
DA:347,0
DA:349,0
DA:350,0
DA:352,0
DA:353,0
DA:355,0
DA:357,0
DA:358,0
DA:362,0
DA:363,0
DA:366,0
DA:369,0
DA:374,0
DA:375,0
DA:376,0
DA:377,0
DA:378,0
DA:379,0
DA:385,3
DA:386,15
DA:390,1
DA:391,1
DA:393,6
DA:394,2
DA:396,1
DA:397,2
DA:398,2
DA:399,4
DA:401,2
DA:402,2
DA:404,0
DA:405,0
DA:407,0
DA:409,0
DA:410,0
DA:414,1
DA:415,3
DA:418,6
DA:421,5
DA:426,2
DA:427,0
DA:432,1
DA:433,1
DA:435,6
DA:436,2
DA:438,2
DA:439,5
DA:445,2
DA:448,1
DA:449,1
DA:450,2
DA:451,2
DA:455,1
DA:457,2
DA:458,2
DA:459,0
DA:466,1
DA:467,1
DA:469,6
DA:470,1
DA:472,2
DA:473,0
DA:480,0
DA:481,0
DA:482,0
DA:483,0
DA:484,0
DA:488,0
DA:489,0
LF:235
LH:124
end_of_record
SF:lib/widgets/signal_properties_panel.dart
DA:12,1
DA:22,1
DA:24,1
DA:25,1
DA:27,1
DA:30,1
DA:31,1
DA:33,1
DA:35,3
DA:36,1
DA:38,1
DA:45,1
DA:46,1
DA:47,1
DA:48,1
DA:50,3
DA:53,1
DA:55,4
DA:60,1
DA:61,1
DA:64,1
DA:73,1
DA:74,1
DA:75,1
DA:76,1
DA:78,3
DA:81,1
DA:82,1
DA:97,1
DA:99,2
DA:105,1
DA:106,2
DA:107,1
DA:110,3
DA:117,1
DA:118,1
DA:120,1
DA:121,2
DA:122,1
DA:123,2
DA:124,1
DA:130,1
DA:131,1
DA:133,1
DA:134,1
DA:135,0
DA:136,1
DA:139,1
DA:140,1
DA:142,1
DA:143,3
DA:149,1
DA:150,1
DA:151,4
DA:155,1
DA:156,3
DA:157,3
DA:159,1
DA:161,1
DA:162,1
DA:163,1
DA:164,1
DA:165,1
DA:166,3
DA:167,0
DA:169,0
DA:170,1
DA:172,1
DA:173,1
DA:175,3
DA:177,4
DA:182,1
DA:183,1
DA:185,1
DA:186,1
DA:187,1
DA:190,1
DA:191,1
DA:196,0
DA:200,1
DA:203,1
DA:205,1
DA:206,2
DA:212,0
DA:217,1
DA:220,1
DA:221,1
DA:222,0
DA:233,1
DA:234,1
DA:235,1
DA:236,1
DA:238,1
DA:240,4
DA:246,1
DA:251,1
DA:252,1
DA:255,1
DA:256,1
DA:257,1
DA:260,3
DA:263,1
DA:265,4
DA:266,3
DA:270,1
DA:272,4
DA:273,3
DA:278,1
DA:279,1
DA:288,1
DA:290,1
DA:292,0
DA:294,0
DA:299,0
DA:300,0
DA:302,0
DA:303,0
DA:304,0
DA:306,0
DA:309,0
DA:310,0
DA:311,0
DA:312,0
DA:313,0
DA:314,0
DA:315,0
DA:317,0
DA:320,0
DA:323,0
DA:325,0
DA:326,0
DA:335,0
DA:338,0
DA:339,0
DA:340,0
DA:348,0
DA:349,0
DA:350,0
DA:353,0
DA:354,0
DA:355,0
DA:357,0
DA:360,0
DA:361,0
DA:362,0
DA:363,0
DA:364,0
DA:368,0
DA:369,0
DA:370,0
LF:150
LH:105
end_of_record
SF:lib/widgets/realtime_data_display.dart
DA:10,2
DA:14,2
DA:15,2
DA:33,2
DA:35,2
DA:36,2
DA:39,2
DA:41,2
DA:42,2
DA:45,2
DA:46,4
DA:47,4
DA:49,2
DA:50,2
DA:52,0
DA:56,2
DA:57,6
DA:58,6
DA:59,0
DA:60,0
DA:61,0
DA:64,6
DA:65,0
DA:66,0
DA:69,6
DA:70,0
DA:71,0
DA:74,6
DA:75,0
DA:76,0
DA:79,6
DA:80,0
DA:81,0
DA:86,4
DA:87,6
DA:90,0
DA:92,0
DA:93,0
DA:94,0
DA:95,0
DA:96,0
DA:99,0
DA:100,0
DA:101,0
DA:104,0
DA:105,0
DA:106,0
DA:109,0
DA:110,0
DA:111,0
DA:114,0
DA:115,0
DA:116,0
DA:121,0
DA:122,0
DA:124,0
DA:128,2
DA:129,4
DA:130,2
DA:132,4
DA:133,4
DA:134,4
DA:137,0
DA:139,0
DA:142,0
DA:143,0
DA:144,0
DA:145,0
DA:146,0
DA:147,0
DA:149,0
DA:152,0
DA:153,0
DA:154,0
DA:155,0
DA:156,0
DA:158,0
DA:163,0
DA:164,0
DA:165,0
DA:168,2
DA:170,2
DA:171,2
DA:173,6
DA:174,2
DA:175,2
DA:176,4
DA:177,2
DA:178,2
DA:180,2
DA:182,2
DA:186,2
DA:187,4
DA:188,2
DA:189,2
DA:193,2
DA:194,2
DA:195,2
DA:196,2
DA:197,2
DA:198,2
DA:199,2
DA:200,4
DA:201,2
DA:202,5
DA:203,7
DA:205,2
DA:206,2
DA:208,2
DA:209,2
DA:210,0
DA:212,0
DA:225,2
DA:226,4
DA:227,4
DA:228,2
DA:230,2
DA:231,2
DA:233,2
DA:234,2
DA:235,2
DA:237,2
DA:238,2
DA:239,2
DA:240,2
DA:248,2
DA:249,0
DA:250,0
DA:251,0
DA:252,0
DA:263,0
DA:264,0
DA:265,0
DA:266,0
LF:134
LH:73
end_of_record
SF:lib/widgets/mavlink_message_monitor.dart
DA:6,4
DA:19,4
DA:20,4
DA:29,4
DA:31,4
DA:32,4
DA:35,4
DA:37,8
DA:38,4
DA:41,4
DA:42,8
DA:43,0
DA:45,17
DA:46,1
DA:47,2
DA:48,1
DA:54,0
DA:55,0
DA:56,0
DA:57,0
DA:59,0
DA:64,1
DA:65,2
DA:68,4
DA:70,12
DA:71,4
DA:73,4
DA:75,4
DA:76,12
DA:77,4
DA:78,4
DA:79,12
DA:84,4
DA:85,4
DA:86,4
DA:87,4
DA:88,8
DA:89,4
DA:90,0
DA:97,4
DA:98,4
DA:100,4
DA:101,16
DA:102,4
DA:103,4
DA:104,16
DA:109,4
DA:110,4
DA:111,4
DA:113,16
DA:117,4
DA:118,4
DA:120,20
DA:125,4
DA:127,4
DA:136,4
DA:137,4
DA:138,4
DA:140,4
DA:142,4
DA:143,4
DA:146,16
DA:149,4
DA:151,20
DA:152,16
DA:156,4
DA:158,20
DA:159,16
DA:169,0
DA:170,0
DA:171,0
DA:172,0
DA:173,0
DA:174,0
DA:175,0
DA:176,0
DA:178,0
DA:183,0
DA:184,0
DA:186,0
DA:188,0
DA:189,0
DA:190,0
DA:191,0
DA:192,0
DA:194,0
DA:195,0
DA:196,0
DA:197,0
DA:199,0
DA:200,0
DA:202,0
DA:208,0
DA:209,0
DA:215,0
DA:217,0
DA:223,0
DA:229,0
DA:230,0
DA:232,0
DA:233,0
DA:234,0
DA:235,0
DA:237,0
DA:239,0
DA:242,0
DA:249,0
DA:250,0
DA:251,0
DA:253,0
DA:255,0
DA:257,0
DA:263,0
DA:264,0
DA:265,0
DA:266,0
DA:267,0
DA:268,0
DA:274,0
DA:275,0
DA:276,0
DA:277,0
DA:278,0
DA:279,0
DA:281,0
DA:282,0
DA:283,0
DA:285,0
DA:287,0
DA:288,0
DA:290,0
DA:291,0
DA:293,0
DA:296,0
DA:298,0
DA:299,0
DA:301,0
DA:302,0
DA:303,0
DA:305,0
DA:310,0
DA:311,0
DA:312,0
DA:313,0
DA:314,0
DA:315,0
DA:316,0
DA:318,0
DA:322,0
DA:323,0
DA:326,0
DA:335,0
LF:152
LH:61
end_of_record
SF:lib/main.dart
DA:4,0
DA:5,0
DA:9,2
DA:13,1
DA:15,1
DA:17,1
DA:18,1
DA:24,2
LF:8
LH:6
end_of_record
